# JRE version: Java(TM) SE Runtime Environment (8.0_191-b12) (build 1.8.0_191-b12)
# Java VM: Java HotSpot(TM) 64-Bit Server VM (25.191-b12 mixed mode windows-amd64 compressed oops)
Heap:
 PSYoungGen      total 1400320K, used 733995K [0x0000000580100000, 0x00000005e4700000, 0x0000000800000000)
  eden space 1161216K, 55% used [0x0000000580100000,0x00000005a75a7b78,0x00000005c6f00000)
  from space 239104K, 37% used [0x00000005d5d80000,0x00000005db5a30a0,0x00000005e4700000)
  to   space 241664K, 0% used [0x00000005c6f00000,0x00000005c6f00000,0x00000005d5b00000)
 ParOldGen       total 986624K, used 301941K [0x0000000080200000, 0x00000000bc580000, 0x0000000580100000)
  object space 986624K, 30% used [0x0000000080200000,0x00000000928dd770,0x00000000bc580000)
 Metaspace       used 30777K, capacity 33212K, committed 33536K, reserved 1079296K
  class space    used 3263K, capacity 3979K, committed 4096K, reserved 1048576K
GC Heap History (10 events):
Event: 8.811 GC heap before
{Heap before GC invocations=3 (full 1):
 PSYoungGen      total 611328K, used 524288K [0x0000000580100000, 0x00000005aab00000, 0x0000000800000000)
  eden space 524288K, 100% used [0x0000000580100000,0x00000005a0100000,0x00000005a0100000)
  from space 87040K, 0% used [0x00000005a0100000,0x00000005a0100000,0x00000005a5600000)
  to   space 87040K, 0% used [0x00000005a5600000,0x00000005a5600000,0x00000005aab00000)
 ParOldGen       total 986624K, used 10743K [0x0000000080200000, 0x00000000bc580000, 0x0000000580100000)
  object space 986624K, 1% used [0x0000000080200000,0x0000000080c7dfc8,0x00000000bc580000)
 Metaspace       used 26133K, capacity 27794K, committed 27904K, reserved 1073152K
  class space    used 2769K, capacity 3325K, committed 3328K, reserved 1048576K
Event: 8.899 GC heap after
Heap after GC invocations=3 (full 1):
 PSYoungGen      total 611328K, used 87017K [0x0000000580100000, 0x00000005b3d00000, 0x0000000800000000)
  eden space 524288K, 0% used [0x0000000580100000,0x0000000580100000,0x00000005a0100000)
  from space 87040K, 99% used [0x00000005a5600000,0x00000005aaafa548,0x00000005aab00000)
  to   space 87040K, 0% used [0x00000005a0100000,0x00000005a0100000,0x00000005a5600000)
 ParOldGen       total 986624K, used 197255K [0x0000000080200000, 0x00000000bc580000, 0x0000000580100000)
  object space 986624K, 19% used [0x0000000080200000,0x000000008c2a1fc8,0x00000000bc580000)
 Metaspace       used 26133K, capacity 27794K, committed 27904K, reserved 1073152K
  class space    used 2769K, capacity 3325K, committed 3328K, reserved 1048576K
}
Event: 10.080 GC heap before
{Heap before GC invocations=4 (full 1):
 PSYoungGen      total 611328K, used 611305K [0x0000000580100000, 0x00000005b3d00000, 0x0000000800000000)
  eden space 524288K, 100% used [0x0000000580100000,0x00000005a0100000,0x00000005a0100000)
  from space 87040K, 99% used [0x00000005a5600000,0x00000005aaafa548,0x00000005aab00000)
  to   space 87040K, 0% used [0x00000005a0100000,0x00000005a0100000,0x00000005a5600000)
 ParOldGen       total 986624K, used 197255K [0x0000000080200000, 0x00000000bc580000, 0x0000000580100000)
  object space 986624K, 19% used [0x0000000080200000,0x000000008c2a1fc8,0x00000000bc580000)
 Metaspace       used 26381K, capacity 28042K, committed 28288K, reserved 1075200K
  class space    used 2799K, capacity 3361K, committed 3456K, reserved 1048576K
Event: 10.128 GC heap after
Heap after GC invocations=4 (full 1):
 PSYoungGen      total 611328K, used 87008K [0x0000000580100000, 0x00000005ba000000, 0x0000000800000000)
  eden space 524288K, 0% used [0x0000000580100000,0x0000000580100000,0x00000005a0100000)
  from space 87040K, 99% used [0x00000005a0100000,0x00000005a55f8028,0x00000005a5600000)
  to   space 87040K, 0% used [0x00000005b4b00000,0x00000005b4b00000,0x00000005ba000000)
 ParOldGen       total 986624K, used 267078K [0x0000000080200000, 0x00000000bc580000, 0x0000000580100000)
  object space 986624K, 27% used [0x0000000080200000,0x00000000906d1b68,0x00000000bc580000)
 Metaspace       used 26381K, capacity 28042K, committed 28288K, reserved 1075200K
  class space    used 2799K, capacity 3361K, committed 3456K, reserved 1048576K
}
Event: 11.173 GC heap before
{Heap before GC invocations=5 (full 1):
 PSYoungGen      total 611328K, used 611296K [0x0000000580100000, 0x00000005ba000000, 0x0000000800000000)
  eden space 524288K, 100% used [0x0000000580100000,0x00000005a0100000,0x00000005a0100000)
  from space 87040K, 99% used [0x00000005a0100000,0x00000005a55f8028,0x00000005a5600000)
  to   space 87040K, 0% used [0x00000005b4b00000,0x00000005b4b00000,0x00000005ba000000)
 ParOldGen       total 986624K, used 267078K [0x0000000080200000, 0x00000000bc580000, 0x0000000580100000)
  object space 986624K, 27% used [0x0000000080200000,0x00000000906d1b68,0x00000000bc580000)
 Metaspace       used 28002K, capacity 29678K, committed 29696K, reserved 1075200K
  class space    used 3007K, capacity 3567K, committed 3584K, reserved 1048576K
Event: 11.209 GC heap after
Heap after GC invocations=5 (full 1):
 PSYoungGen      total 862208K, used 87029K [0x0000000580100000, 0x00000005bb800000, 0x0000000800000000)
  eden space 775168K, 0% used [0x0000000580100000,0x0000000580100000,0x00000005af600000)
  from space 87040K, 99% used [0x00000005b4b00000,0x00000005b9ffd720,0x00000005ba000000)
  to   space 87040K, 0% used [0x00000005af600000,0x00000005af600000,0x00000005b4b00000)
 ParOldGen       total 986624K, used 296766K [0x0000000080200000, 0x00000000bc580000, 0x0000000580100000)
  object space 986624K, 30% used [0x0000000080200000,0x00000000923cfa60,0x00000000bc580000)
 Metaspace       used 28002K, capacity 29678K, committed 29696K, reserved 1075200K
  class space    used 3007K, capacity 3567K, committed 3584K, reserved 1048576K
}
Event: 13.869 GC heap before
{Heap before GC invocations=6 (full 1):
 PSYoungGen      total 862208K, used 862197K [0x0000000580100000, 0x00000005bb800000, 0x0000000800000000)
  eden space 775168K, 100% used [0x0000000580100000,0x00000005af600000,0x00000005af600000)
  from space 87040K, 99% used [0x00000005b4b00000,0x00000005b9ffd720,0x00000005ba000000)
  to   space 87040K, 0% used [0x00000005af600000,0x00000005af600000,0x00000005b4b00000)
 ParOldGen       total 986624K, used 296766K [0x0000000080200000, 0x00000000bc580000, 0x0000000580100000)
  object space 986624K, 30% used [0x0000000080200000,0x00000000923cfa60,0x00000000bc580000)
 Metaspace       used 28554K, capacity 30332K, committed 30592K, reserved 1077248K
  class space    used 3027K, capacity 3602K, committed 3712K, reserved 1048576K
Event: 13.897 GC heap after
Heap after GC invocations=6 (full 1):
 PSYoungGen      total 862208K, used 87024K [0x0000000580100000, 0x00000005e5300000, 0x0000000800000000)
  eden space 775168K, 0% used [0x0000000580100000,0x0000000580100000,0x00000005af600000)
  from space 87040K, 99% used [0x00000005af600000,0x00000005b4afc220,0x00000005b4b00000)
  to   space 251392K, 0% used [0x00000005d5d80000,0x00000005d5d80000,0x00000005e5300000)
 ParOldGen       total 986624K, used 301902K [0x0000000080200000, 0x00000000bc580000, 0x0000000580100000)
  object space 986624K, 30% used [0x0000000080200000,0x00000000928d3a60,0x00000000bc580000)
 Metaspace       used 28554K, capacity 30332K, committed 30592K, reserved 1077248K
  class space    used 3027K, capacity 3602K, committed 3712K, reserved 1048576K
}
Event: 15.276 GC heap before
{Heap before GC invocations=7 (full 1):
 PSYoungGen      total 862208K, used 862192K [0x0000000580100000, 0x00000005e5300000, 0x0000000800000000)
  eden space 775168K, 100% used [0x0000000580100000,0x00000005af600000,0x00000005af600000)
  from space 87040K, 99% used [0x00000005af600000,0x00000005b4afc220,0x00000005b4b00000)
  to   space 251392K, 0% used [0x00000005d5d80000,0x00000005d5d80000,0x00000005e5300000)
 ParOldGen       total 986624K, used 301902K [0x0000000080200000, 0x00000000bc580000, 0x0000000580100000)
  object space 986624K, 30% used [0x0000000080200000,0x00000000928d3a60,0x00000000bc580000)
 Metaspace       used 29326K, capacity 31048K, committed 31360K, reserved 1077248K
  class space    used 3049K, capacity 3604K, committed 3712K, reserved 1048576K
Event: 15.307 GC heap after
Heap after GC invocations=7 (full 1):
 PSYoungGen      total 1400320K, used 90252K [0x0000000580100000, 0x00000005e4700000, 0x0000000800000000)
  eden space 1161216K, 0% used [0x0000000580100000,0x0000000580100000,0x00000005c6f00000)
  from space 239104K, 37% used [0x00000005d5d80000,0x00000005db5a30a0,0x00000005e4700000)
  to   space 241664K, 0% used [0x00000005c6f00000,0x00000005c6f00000,0x00000005d5b00000)
 ParOldGen       total 986624K, used 301941K [0x0000000080200000, 0x00000000bc580000, 0x0000000580100000)
  object space 986624K, 30% used [0x0000000080200000,0x00000000928dd770,0x00000000bc580000)
 Metaspace       used 29326K, capacity 31048K, committed 31360K, reserved 1077248K
  class space    used 3049K, capacity 3604K, committed 3712K, reserved 1048576K
}

