# JRE version: OpenJDK Runtime Environment JBR-21.0.5+8-631.28-jcef (21.0.5+8) (build 21.0.5+8-b631.28)
# Java VM: OpenJDK 64-Bit Server VM JBR-21.0.5+8-631.28-jcef (21.0.5+8-b631.28, mixed mode, sharing, tiered, compressed oops, compressed class ptrs, g1 gc, windows-amd64)
GC Precious Log:
 CardTable entry size: 512
 Card Set container configuration: InlinePtr #cards 3 size 8 Array Of Cards #cards 128 size 272 Howl #buckets 8 coarsen threshold 29491 Howl Bitmap #cards 4096 size 528 coarsen threshold 3686 Card regions per heap region 1 cards per card region 32768
 CPUs: 32 total, 32 available
 Memory: 127G
 Large Page Support: Disabled
 NUMA Support: Disabled
 Compressed Oops: Enabled (Zero based)
 Heap Region Size: 16M
 Heap Min Capacity: 16M
 Heap Initial Capacity: 2G
 Heap Max Capacity: 30208M
 Pre-touch: Disabled
 Parallel Workers: 23
 Concurrent Workers: 6
 Concurrent Refinement Workers: 23
 Periodic GC: Disabled
Heap:
 garbage-first heap   total 606208K, used 299010K [0x00000000a0000000, 0x0000000800000000)
  region size 16384K, 9 young (147456K), 2 survivors (32768K)
 Metaspace       used 43415K, committed 45824K, reserved 1114112K
  class space    used 4312K, committed 5376K, reserved 1048576K
GC Heap History (20 events):
Event: 7.767 GC heap before
{Heap before GC invocations=12 (full 0):
 garbage-first heap   total 98304K, used 50470K [0x00000000a0000000, 0x0000000800000000)
  region size 16384K, 3 young (49152K), 1 survivors (16384K)
 Metaspace       used 33552K, committed 35264K, reserved 1114112K
  class space    used 3256K, committed 3968K, reserved 1048576K
}
Event: 7.770 GC heap after
{Heap after GC invocations=13 (full 0):
 garbage-first heap   total 1097728K, used 18044K [0x00000000a0000000, 0x0000000800000000)
  region size 16384K, 1 young (16384K), 1 survivors (16384K)
 Metaspace       used 33552K, committed 35264K, reserved 1114112K
  class space    used 3256K, committed 3968K, reserved 1048576K
}
Event: 10.378 GC heap before
{Heap before GC invocations=13 (full 0):
 garbage-first heap   total 1097728K, used 706172K [0x00000000a0000000, 0x0000000800000000)
  region size 16384K, 40 young (655360K), 1 survivors (16384K)
 Metaspace       used 33930K, committed 35584K, reserved 1114112K
  class space    used 3293K, committed 4032K, reserved 1048576K
}
Event: 10.399 GC heap after
{Heap after GC invocations=14 (full 0):
 garbage-first heap   total 1097728K, used 132491K [0x00000000a0000000, 0x0000000800000000)
  region size 16384K, 5 young (81920K), 5 survivors (81920K)
 Metaspace       used 33930K, committed 35584K, reserved 1114112K
  class space    used 3293K, committed 4032K, reserved 1048576K
}
Event: 10.934 GC heap before
{Heap before GC invocations=14 (full 0):
 garbage-first heap   total 1097728K, used 214411K [0x00000000a0000000, 0x0000000800000000)
  region size 16384K, 11 young (180224K), 5 survivors (81920K)
 Metaspace       used 34278K, committed 35968K, reserved 1114112K
  class space    used 3322K, committed 4032K, reserved 1048576K
}
Event: 10.944 GC heap after
{Heap after GC invocations=15 (full 0):
 garbage-first heap   total 1097728K, used 162315K [0x00000000a0000000, 0x0000000800000000)
  region size 16384K, 2 young (32768K), 2 survivors (32768K)
 Metaspace       used 34278K, committed 35968K, reserved 1114112K
  class space    used 3322K, committed 4032K, reserved 1048576K
}
Event: 14.078 GC heap before
{Heap before GC invocations=16 (full 0):
 garbage-first heap   total 606208K, used 489995K [0x00000000a0000000, 0x0000000800000000)
  region size 16384K, 22 young (360448K), 2 survivors (32768K)
 Metaspace       used 36369K, committed 38080K, reserved 1114112K
  class space    used 3553K, committed 4288K, reserved 1048576K
}
Event: 14.085 GC heap after
{Heap after GC invocations=17 (full 0):
 garbage-first heap   total 606208K, used 177259K [0x00000000a0000000, 0x0000000800000000)
  region size 16384K, 3 young (49152K), 3 survivors (49152K)
 Metaspace       used 36369K, committed 38080K, reserved 1114112K
  class space    used 3553K, committed 4288K, reserved 1048576K
}
Event: 15.966 GC heap before
{Heap before GC invocations=17 (full 0):
 garbage-first heap   total 606208K, used 439403K [0x00000000a0000000, 0x0000000800000000)
  region size 16384K, 19 young (311296K), 3 survivors (49152K)
 Metaspace       used 37340K, committed 39104K, reserved 1114112K
  class space    used 3581K, committed 4352K, reserved 1048576K
}
Event: 15.972 GC heap after
{Heap after GC invocations=18 (full 0):
 garbage-first heap   total 606208K, used 180525K [0x00000000a0000000, 0x0000000800000000)
  region size 16384K, 1 young (16384K), 1 survivors (16384K)
 Metaspace       used 37340K, committed 39104K, reserved 1114112K
  class space    used 3581K, committed 4352K, reserved 1048576K
}
Event: 39.861 GC heap before
{Heap before GC invocations=18 (full 0):
 garbage-first heap   total 606208K, used 442669K [0x00000000a0000000, 0x0000000800000000)
  region size 16384K, 18 young (294912K), 1 survivors (16384K)
 Metaspace       used 40450K, committed 42816K, reserved 1114112K
  class space    used 4070K, committed 5120K, reserved 1048576K
}
Event: 39.865 GC heap after
{Heap after GC invocations=19 (full 0):
 garbage-first heap   total 606208K, used 188126K [0x00000000a0000000, 0x0000000800000000)
  region size 16384K, 1 young (16384K), 1 survivors (16384K)
 Metaspace       used 40450K, committed 42816K, reserved 1114112K
  class space    used 4070K, committed 5120K, reserved 1048576K
}
Event: 50.002 GC heap before
{Heap before GC invocations=19 (full 0):
 garbage-first heap   total 606208K, used 483038K [0x00000000a0000000, 0x0000000800000000)
  region size 16384K, 19 young (311296K), 1 survivors (16384K)
 Metaspace       used 40837K, committed 43200K, reserved 1114112K
  class space    used 4098K, committed 5120K, reserved 1048576K
}
Event: 50.007 GC heap after
{Heap after GC invocations=20 (full 0):
 garbage-first heap   total 606208K, used 197480K [0x00000000a0000000, 0x0000000800000000)
  region size 16384K, 2 young (32768K), 2 survivors (32768K)
 Metaspace       used 40837K, committed 43200K, reserved 1114112K
  class space    used 4098K, committed 5120K, reserved 1048576K
}
Event: 98.352 GC heap before
{Heap before GC invocations=20 (full 0):
 garbage-first heap   total 606208K, used 492392K [0x00000000a0000000, 0x0000000800000000)
  region size 16384K, 20 young (327680K), 2 survivors (32768K)
 Metaspace       used 41532K, committed 43904K, reserved 1114112K
  class space    used 4152K, committed 5184K, reserved 1048576K
}
Event: 98.356 GC heap after
{Heap after GC invocations=21 (full 0):
 garbage-first heap   total 606208K, used 198536K [0x00000000a0000000, 0x0000000800000000)
  region size 16384K, 2 young (32768K), 2 survivors (32768K)
 Metaspace       used 41532K, committed 43904K, reserved 1114112K
  class space    used 4152K, committed 5184K, reserved 1048576K
}
Event: 171.396 GC heap before
{Heap before GC invocations=21 (full 0):
 garbage-first heap   total 606208K, used 509832K [0x00000000a0000000, 0x0000000800000000)
  region size 16384K, 22 young (360448K), 2 survivors (32768K)
 Metaspace       used 41654K, committed 44032K, reserved 1114112K
  class space    used 4157K, committed 5184K, reserved 1048576K
}
Event: 171.400 GC heap after
{Heap after GC invocations=22 (full 0):
 garbage-first heap   total 606208K, used 198777K [0x00000000a0000000, 0x0000000800000000)
  region size 16384K, 2 young (32768K), 2 survivors (32768K)
 Metaspace       used 41654K, committed 44032K, reserved 1114112K
  class space    used 4157K, committed 5184K, reserved 1048576K
}
Event: 229.511 GC heap before
{Heap before GC invocations=22 (full 0):
 garbage-first heap   total 606208K, used 444537K [0x00000000a0000000, 0x0000000800000000)
  region size 16384K, 18 young (294912K), 2 survivors (32768K)
 Metaspace       used 43116K, committed 45504K, reserved 1114112K
  class space    used 4318K, committed 5376K, reserved 1048576K
}
Event: 229.516 GC heap after
{Heap after GC invocations=23 (full 0):
 garbage-first heap   total 606208K, used 200706K [0x00000000a0000000, 0x0000000800000000)
  region size 16384K, 2 young (32768K), 2 survivors (32768K)
 Metaspace       used 43116K, committed 45504K, reserved 1114112K
  class space    used 4318K, committed 5376K, reserved 1048576K
}

