# JRE version: Java(TM) SE Runtime Environment (8.0_191-b12) (build 1.8.0_191-b12)
# Java VM: Java HotSpot(TM) 64-Bit Server VM (25.191-b12 mixed mode windows-amd64 compressed oops)
Heap:
 PSYoungGen      total 1046016K, used 215055K [0x0000000580100000, 0x00000005d6a00000, 0x0000000800000000)
  eden space 805888K, 15% used [0x0000000580100000,0x00000005878102e8,0x00000005b1400000)
  from space 240128K, 38% used [0x00000005b1400000,0x00000005b6ef3d00,0x00000005bfe80000)
  to   space 230400K, 0% used [0x00000005c8900000,0x00000005c8900000,0x00000005d6a00000)
 ParOldGen       total 969216K, used 303696K [0x0000000080200000, 0x00000000bb480000, 0x0000000580100000)
  object space 969216K, 31% used [0x0000000080200000,0x0000000092a94360,0x00000000bb480000)
 Metaspace       used 31851K, capacity 34650K, committed 34816K, reserved 1079296K
  class space    used 3338K, capacity 4038K, committed 4096K, reserved 1048576K
GC Heap History (10 events):
Event: 18.800 GC heap before
{Heap before GC invocations=4 (full 1):
 PSYoungGen      total 611328K, used 611320K [0x0000000580100000, 0x00000005b0f00000, 0x0000000800000000)
  eden space 524288K, 100% used [0x0000000580100000,0x00000005a0100000,0x00000005a0100000)
  from space 87040K, 99% used [0x00000005a5600000,0x00000005aaafe1f0,0x00000005aab00000)
  to   space 87040K, 0% used [0x00000005a0100000,0x00000005a0100000,0x00000005a5600000)
 ParOldGen       total 969216K, used 180547K [0x0000000080200000, 0x00000000bb480000, 0x0000000580100000)
  object space 969216K, 18% used [0x0000000080200000,0x000000008b250dd8,0x00000000bb480000)
 Metaspace       used 28331K, capacity 30558K, committed 30592K, reserved 1077248K
  class space    used 3006K, capacity 3682K, committed 3712K, reserved 1048576K
Event: 18.849 GC heap after
Heap after GC invocations=4 (full 1):
 PSYoungGen      total 611328K, used 87033K [0x0000000580100000, 0x00000005b3400000, 0x0000000800000000)
  eden space 524288K, 0% used [0x0000000580100000,0x0000000580100000,0x00000005a0100000)
  from space 87040K, 99% used [0x00000005a0100000,0x00000005a55fe520,0x00000005a5600000)
  to   space 87040K, 0% used [0x00000005adf00000,0x00000005adf00000,0x00000005b3400000)
 ParOldGen       total 969216K, used 260610K [0x0000000080200000, 0x00000000bb480000, 0x0000000580100000)
  object space 969216K, 26% used [0x0000000080200000,0x00000000900809f0,0x00000000bb480000)
 Metaspace       used 28331K, capacity 30558K, committed 30592K, reserved 1077248K
  class space    used 3006K, capacity 3682K, committed 3712K, reserved 1048576K
}
Event: 25.638 GC heap before
{Heap before GC invocations=5 (full 1):
 PSYoungGen      total 611328K, used 611321K [0x0000000580100000, 0x00000005b3400000, 0x0000000800000000)
  eden space 524288K, 100% used [0x0000000580100000,0x00000005a0100000,0x00000005a0100000)
  from space 87040K, 99% used [0x00000005a0100000,0x00000005a55fe520,0x00000005a5600000)
  to   space 87040K, 0% used [0x00000005adf00000,0x00000005adf00000,0x00000005b3400000)
 ParOldGen       total 969216K, used 260610K [0x0000000080200000, 0x00000000bb480000, 0x0000000580100000)
  object space 969216K, 26% used [0x0000000080200000,0x00000000900809f0,0x00000000bb480000)
 Metaspace       used 29956K, capacity 32180K, committed 32384K, reserved 1077248K
  class space    used 3214K, capacity 3887K, committed 3968K, reserved 1048576K
Event: 25.671 GC heap after
Heap after GC invocations=5 (full 1):
 PSYoungGen      total 739840K, used 87015K [0x0000000580100000, 0x00000005b3400000, 0x0000000800000000)
  eden space 652800K, 0% used [0x0000000580100000,0x0000000580100000,0x00000005a7e80000)
  from space 87040K, 99% used [0x00000005adf00000,0x00000005b33f9e88,0x00000005b3400000)
  to   space 87040K, 0% used [0x00000005a8a00000,0x00000005a8a00000,0x00000005adf00000)
 ParOldGen       total 969216K, used 298552K [0x0000000080200000, 0x00000000bb480000, 0x0000000580100000)
  object space 969216K, 30% used [0x0000000080200000,0x000000009258e370,0x00000000bb480000)
 Metaspace       used 29956K, capacity 32180K, committed 32384K, reserved 1077248K
  class space    used 3214K, capacity 3887K, committed 3968K, reserved 1048576K
}
Event: 29.647 GC heap before
{Heap before GC invocations=6 (full 1):
 PSYoungGen      total 739840K, used 739815K [0x0000000580100000, 0x00000005b3400000, 0x0000000800000000)
  eden space 652800K, 100% used [0x0000000580100000,0x00000005a7e80000,0x00000005a7e80000)
  from space 87040K, 99% used [0x00000005adf00000,0x00000005b33f9e88,0x00000005b3400000)
  to   space 87040K, 0% used [0x00000005a8a00000,0x00000005a8a00000,0x00000005adf00000)
 ParOldGen       total 969216K, used 298552K [0x0000000080200000, 0x00000000bb480000, 0x0000000580100000)
  object space 969216K, 30% used [0x0000000080200000,0x000000009258e370,0x00000000bb480000)
 Metaspace       used 30487K, capacity 32810K, committed 32896K, reserved 1079296K
  class space    used 3233K, capacity 3922K, committed 3968K, reserved 1048576K
Event: 29.667 GC heap after
Heap after GC invocations=6 (full 1):
 PSYoungGen      total 751616K, used 87011K [0x0000000580100000, 0x00000005cf500000, 0x0000000800000000)
  eden space 664576K, 0% used [0x0000000580100000,0x0000000580100000,0x00000005a8a00000)
  from space 87040K, 99% used [0x00000005a8a00000,0x00000005adef8e50,0x00000005adf00000)
  to   space 248832K, 0% used [0x00000005c0200000,0x00000005c0200000,0x00000005cf500000)
 ParOldGen       total 969216K, used 303672K [0x0000000080200000, 0x00000000bb480000, 0x0000000580100000)
  object space 969216K, 31% used [0x0000000080200000,0x0000000092a8e360,0x00000000bb480000)
 Metaspace       used 30487K, capacity 32810K, committed 32896K, reserved 1079296K
  class space    used 3233K, capacity 3922K, committed 3968K, reserved 1048576K
}
Event: 35.351 GC heap before
{Heap before GC invocations=7 (full 1):
 PSYoungGen      total 751616K, used 751587K [0x0000000580100000, 0x00000005cf500000, 0x0000000800000000)
  eden space 664576K, 100% used [0x0000000580100000,0x00000005a8a00000,0x00000005a8a00000)
  from space 87040K, 99% used [0x00000005a8a00000,0x00000005adef8e50,0x00000005adf00000)
  to   space 248832K, 0% used [0x00000005c0200000,0x00000005c0200000,0x00000005cf500000)
 ParOldGen       total 969216K, used 303672K [0x0000000080200000, 0x00000000bb480000, 0x0000000580100000)
  object space 969216K, 31% used [0x0000000080200000,0x0000000092a8e360,0x00000000bb480000)
 Metaspace       used 30802K, capacity 33086K, committed 33408K, reserved 1079296K
  class space    used 3257K, capacity 3924K, committed 3968K, reserved 1048576K
Event: 35.379 GC heap after
Heap after GC invocations=7 (full 1):
 PSYoungGen      total 1042432K, used 89661K [0x0000000580100000, 0x00000005ce900000, 0x0000000800000000)
  eden space 805888K, 0% used [0x0000000580100000,0x0000000580100000,0x00000005b1400000)
  from space 236544K, 37% used [0x00000005c0200000,0x00000005c598f450,0x00000005ce900000)
  to   space 240128K, 0% used [0x00000005b1400000,0x00000005b1400000,0x00000005bfe80000)
 ParOldGen       total 969216K, used 303688K [0x0000000080200000, 0x00000000bb480000, 0x0000000580100000)
  object space 969216K, 31% used [0x0000000080200000,0x0000000092a92360,0x00000000bb480000)
 Metaspace       used 30802K, capacity 33086K, committed 33408K, reserved 1079296K
  class space    used 3257K, capacity 3924K, committed 3968K, reserved 1048576K
}
Event: 43.990 GC heap before
{Heap before GC invocations=8 (full 1):
 PSYoungGen      total 1042432K, used 895549K [0x0000000580100000, 0x00000005ce900000, 0x0000000800000000)
  eden space 805888K, 100% used [0x0000000580100000,0x00000005b1400000,0x00000005b1400000)
  from space 236544K, 37% used [0x00000005c0200000,0x00000005c598f450,0x00000005ce900000)
  to   space 240128K, 0% used [0x00000005b1400000,0x00000005b1400000,0x00000005bfe80000)
 ParOldGen       total 969216K, used 303688K [0x0000000080200000, 0x00000000bb480000, 0x0000000580100000)
  object space 969216K, 31% used [0x0000000080200000,0x0000000092a92360,0x00000000bb480000)
 Metaspace       used 31386K, capacity 33706K, committed 33920K, reserved 1079296K
  class space    used 3285K, capacity 3956K, committed 3968K, reserved 1048576K
Event: 44.014 GC heap after
Heap after GC invocations=8 (full 1):
 PSYoungGen      total 1046016K, used 93135K [0x0000000580100000, 0x00000005d6a00000, 0x0000000800000000)
  eden space 805888K, 0% used [0x0000000580100000,0x0000000580100000,0x00000005b1400000)
  from space 240128K, 38% used [0x00000005b1400000,0x00000005b6ef3d00,0x00000005bfe80000)
  to   space 230400K, 0% used [0x00000005c8900000,0x00000005c8900000,0x00000005d6a00000)
 ParOldGen       total 969216K, used 303696K [0x0000000080200000, 0x00000000bb480000, 0x0000000580100000)
  object space 969216K, 31% used [0x0000000080200000,0x0000000092a94360,0x00000000bb480000)
 Metaspace       used 31386K, capacity 33706K, committed 33920K, reserved 1079296K
  class space    used 3285K, capacity 3956K, committed 3968K, reserved 1048576K
}

