# JRE version: Java(TM) SE Runtime Environment (8.0_191-b12) (build 1.8.0_191-b12)
# Java VM: Java HotSpot(TM) 64-Bit Server VM (25.191-b12 mixed mode windows-amd64 compressed oops)
Heap:
 PSYoungGen      total 611328K, used 54488K [0x0000000580100000, 0x00000005aab00000, 0x0000000800000000)
  eden space 524288K, 10% used [0x0000000580100000,0x00000005836362c8,0x00000005a0100000)
  from space 87040K, 0% used [0x00000005a0100000,0x00000005a0100000,0x00000005a5600000)
  to   space 87040K, 0% used [0x00000005a5600000,0x00000005a5600000,0x00000005aab00000)
 ParOldGen       total 968704K, used 12031K [0x0000000080200000, 0x00000000bb400000, 0x0000000580100000)
  object space 968704K, 1% used [0x0000000080200000,0x0000000080dbff90,0x00000000bb400000)
 Metaspace       used 23572K, capacity 24948K, committed 25088K, reserved 1071104K
  class space    used 2471K, capacity 2989K, committed 3072K, reserved 1048576K
GC Heap History (4 events):
Event: 1.689 GC heap before
{Heap before GC invocations=1 (full 0):
 PSYoungGen      total 611328K, used 293632K [0x0000000580100000, 0x00000005aab00000, 0x0000000800000000)
  eden space 524288K, 56% used [0x0000000580100000,0x0000000591fc0148,0x00000005a0100000)
  from space 87040K, 0% used [0x00000005a5600000,0x00000005a5600000,0x00000005aab00000)
  to   space 87040K, 0% used [0x00000005a0100000,0x00000005a0100000,0x00000005a5600000)
 ParOldGen       total 1396736K, used 0K [0x0000000080200000, 0x00000000d5600000, 0x0000000580100000)
  object space 1396736K, 0% used [0x0000000080200000,0x0000000080200000,0x00000000d5600000)
 Metaspace       used 19851K, capacity 21204K, committed 21296K, reserved 1069056K
  class space    used 2147K, capacity 2667K, committed 2688K, reserved 1048576K
Event: 1.696 GC heap after
Heap after GC invocations=1 (full 0):
 PSYoungGen      total 611328K, used 12753K [0x0000000580100000, 0x00000005aab00000, 0x0000000800000000)
  eden space 524288K, 0% used [0x0000000580100000,0x0000000580100000,0x00000005a0100000)
  from space 87040K, 14% used [0x00000005a0100000,0x00000005a0d74598,0x00000005a5600000)
  to   space 87040K, 0% used [0x00000005a5600000,0x00000005a5600000,0x00000005aab00000)
 ParOldGen       total 1396736K, used 47K [0x0000000080200000, 0x00000000d5600000, 0x0000000580100000)
  object space 1396736K, 0% used [0x0000000080200000,0x000000008020bc60,0x00000000d5600000)
 Metaspace       used 19851K, capacity 21204K, committed 21296K, reserved 1069056K
  class space    used 2147K, capacity 2667K, committed 2688K, reserved 1048576K
}
Event: 1.696 GC heap before
{Heap before GC invocations=2 (full 1):
 PSYoungGen      total 611328K, used 12753K [0x0000000580100000, 0x00000005aab00000, 0x0000000800000000)
  eden space 524288K, 0% used [0x0000000580100000,0x0000000580100000,0x00000005a0100000)
  from space 87040K, 14% used [0x00000005a0100000,0x00000005a0d74598,0x00000005a5600000)
  to   space 87040K, 0% used [0x00000005a5600000,0x00000005a5600000,0x00000005aab00000)
 ParOldGen       total 1396736K, used 47K [0x0000000080200000, 0x00000000d5600000, 0x0000000580100000)
  object space 1396736K, 0% used [0x0000000080200000,0x000000008020bc60,0x00000000d5600000)
 Metaspace       used 19851K, capacity 21204K, committed 21296K, reserved 1069056K
  class space    used 2147K, capacity 2667K, committed 2688K, reserved 1048576K
Event: 1.727 GC heap after
Heap after GC invocations=2 (full 1):
 PSYoungGen      total 611328K, used 0K [0x0000000580100000, 0x00000005aab00000, 0x0000000800000000)
  eden space 524288K, 0% used [0x0000000580100000,0x0000000580100000,0x00000005a0100000)
  from space 87040K, 0% used [0x00000005a0100000,0x00000005a0100000,0x00000005a5600000)
  to   space 87040K, 0% used [0x00000005a5600000,0x00000005a5600000,0x00000005aab00000)
 ParOldGen       total 968704K, used 12031K [0x0000000080200000, 0x00000000bb400000, 0x0000000580100000)
  object space 968704K, 1% used [0x0000000080200000,0x0000000080dbff90,0x00000000bb400000)
 Metaspace       used 19851K, capacity 21204K, committed 21296K, reserved 1069056K
  class space    used 2147K, capacity 2667K, committed 2688K, reserved 1048576K
}

