# JRE version: Java(TM) SE Runtime Environment (8.0_191-b12) (build 1.8.0_191-b12)
# Java VM: Java HotSpot(TM) 64-Bit Server VM (25.191-b12 mixed mode windows-amd64 compressed oops)
Heap:
 PSYoungGen      total 1316864K, used 799371K [0x0000000580100000, 0x00000005dfd00000, 0x0000000800000000)
  eden space 1084416K, 65% used [0x0000000580100000,0x00000005ab580ca8,0x00000005c2400000)
  from space 232448K, 38% used [0x00000005d1a00000,0x00000005d72220b8,0x00000005dfd00000)
  to   space 242176K, 0% used [0x00000005c2400000,0x00000005c2400000,0x00000005d1080000)
 ParOldGen       total 994304K, used 301807K [0x0000000080200000, 0x00000000bcd00000, 0x0000000580100000)
  object space 994304K, 30% used [0x0000000080200000,0x00000000928bbc38,0x00000000bcd00000)
 Metaspace       used 30403K, capacity 32438K, committed 32512K, reserved 1077248K
  class space    used 3197K, capacity 3814K, committed 3840K, reserved 1048576K
GC Heap History (10 events):
Event: 7.585 GC heap before
{Heap before GC invocations=3 (full 1):
 PSYoungGen      total 611328K, used 524288K [0x0000000580100000, 0x00000005aab00000, 0x0000000800000000)
  eden space 524288K, 100% used [0x0000000580100000,0x00000005a0100000,0x00000005a0100000)
  from space 87040K, 0% used [0x00000005a0100000,0x00000005a0100000,0x00000005a5600000)
  to   space 87040K, 0% used [0x00000005a5600000,0x00000005a5600000,0x00000005aab00000)
 ParOldGen       total 994304K, used 10743K [0x0000000080200000, 0x00000000bcd00000, 0x0000000580100000)
  object space 994304K, 1% used [0x0000000080200000,0x0000000080c7df38,0x00000000bcd00000)
 Metaspace       used 26111K, capacity 27756K, committed 27904K, reserved 1073152K
  class space    used 2760K, capacity 3308K, committed 3328K, reserved 1048576K
Event: 7.673 GC heap after
Heap after GC invocations=3 (full 1):
 PSYoungGen      total 611328K, used 87033K [0x0000000580100000, 0x00000005b3580000, 0x0000000800000000)
  eden space 524288K, 0% used [0x0000000580100000,0x0000000580100000,0x00000005a0100000)
  from space 87040K, 99% used [0x00000005a5600000,0x00000005aaafe4f8,0x00000005aab00000)
  to   space 87040K, 0% used [0x00000005a0100000,0x00000005a0100000,0x00000005a5600000)
 ParOldGen       total 994304K, used 202631K [0x0000000080200000, 0x00000000bcd00000, 0x0000000580100000)
  object space 994304K, 20% used [0x0000000080200000,0x000000008c7e1f38,0x00000000bcd00000)
 Metaspace       used 26111K, capacity 27756K, committed 27904K, reserved 1073152K
  class space    used 2760K, capacity 3308K, committed 3328K, reserved 1048576K
}
Event: 8.722 GC heap before
{Heap before GC invocations=4 (full 1):
 PSYoungGen      total 611328K, used 611321K [0x0000000580100000, 0x00000005b3580000, 0x0000000800000000)
  eden space 524288K, 100% used [0x0000000580100000,0x00000005a0100000,0x00000005a0100000)
  from space 87040K, 99% used [0x00000005a5600000,0x00000005aaafe4f8,0x00000005aab00000)
  to   space 87040K, 0% used [0x00000005a0100000,0x00000005a0100000,0x00000005a5600000)
 ParOldGen       total 994304K, used 202631K [0x0000000080200000, 0x00000000bcd00000, 0x0000000580100000)
  object space 994304K, 20% used [0x0000000080200000,0x000000008c7e1f38,0x00000000bcd00000)
 Metaspace       used 26359K, capacity 28004K, committed 28288K, reserved 1075200K
  class space    used 2790K, capacity 3344K, committed 3456K, reserved 1048576K
Event: 8.765 GC heap after
Heap after GC invocations=4 (full 1):
 PSYoungGen      total 611328K, used 87034K [0x0000000580100000, 0x00000005b8b00000, 0x0000000800000000)
  eden space 524288K, 0% used [0x0000000580100000,0x0000000580100000,0x00000005a0100000)
  from space 87040K, 99% used [0x00000005a0100000,0x00000005a55fe830,0x00000005a5600000)
  to   space 87040K, 0% used [0x00000005b3600000,0x00000005b3600000,0x00000005b8b00000)
 ParOldGen       total 994304K, used 269095K [0x0000000080200000, 0x00000000bcd00000, 0x0000000580100000)
  object space 994304K, 27% used [0x0000000080200000,0x00000000908c9e80,0x00000000bcd00000)
 Metaspace       used 26359K, capacity 28004K, committed 28288K, reserved 1075200K
  class space    used 2790K, capacity 3344K, committed 3456K, reserved 1048576K
}
Event: 9.797 GC heap before
{Heap before GC invocations=5 (full 1):
 PSYoungGen      total 611328K, used 611322K [0x0000000580100000, 0x00000005b8b00000, 0x0000000800000000)
  eden space 524288K, 100% used [0x0000000580100000,0x00000005a0100000,0x00000005a0100000)
  from space 87040K, 99% used [0x00000005a0100000,0x00000005a55fe830,0x00000005a5600000)
  to   space 87040K, 0% used [0x00000005b3600000,0x00000005b3600000,0x00000005b8b00000)
 ParOldGen       total 994304K, used 269095K [0x0000000080200000, 0x00000000bcd00000, 0x0000000580100000)
  object space 994304K, 27% used [0x0000000080200000,0x00000000908c9e80,0x00000000bcd00000)
 Metaspace       used 27979K, capacity 29618K, committed 29696K, reserved 1075200K
  class space    used 2998K, capacity 3549K, committed 3584K, reserved 1048576K
Event: 9.830 GC heap after
Heap after GC invocations=5 (full 1):
 PSYoungGen      total 840704K, used 87039K [0x0000000580100000, 0x00000005b9d80000, 0x0000000800000000)
  eden space 753664K, 0% used [0x0000000580100000,0x0000000580100000,0x00000005ae100000)
  from space 87040K, 99% used [0x00000005b3600000,0x00000005b8affeb0,0x00000005b8b00000)
  to   space 87040K, 0% used [0x00000005ae100000,0x00000005ae100000,0x00000005b3600000)
 ParOldGen       total 994304K, used 296794K [0x0000000080200000, 0x00000000bcd00000, 0x0000000580100000)
  object space 994304K, 29% used [0x0000000080200000,0x00000000923d6bd0,0x00000000bcd00000)
 Metaspace       used 27979K, capacity 29618K, committed 29696K, reserved 1075200K
  class space    used 2998K, capacity 3549K, committed 3584K, reserved 1048576K
}
Event: 12.248 GC heap before
{Heap before GC invocations=6 (full 1):
 PSYoungGen      total 840704K, used 840703K [0x0000000580100000, 0x00000005b9d80000, 0x0000000800000000)
  eden space 753664K, 100% used [0x0000000580100000,0x00000005ae100000,0x00000005ae100000)
  from space 87040K, 99% used [0x00000005b3600000,0x00000005b8affeb0,0x00000005b8b00000)
  to   space 87040K, 0% used [0x00000005ae100000,0x00000005ae100000,0x00000005b3600000)
 ParOldGen       total 994304K, used 296794K [0x0000000080200000, 0x00000000bcd00000, 0x0000000580100000)
  object space 994304K, 29% used [0x0000000080200000,0x00000000923d6bd0,0x00000000bcd00000)
 Metaspace       used 28492K, capacity 30202K, committed 30336K, reserved 1075200K
  class space    used 3016K, capacity 3585K, committed 3712K, reserved 1048576K
Event: 12.274 GC heap after
Heap after GC invocations=6 (full 1):
 PSYoungGen      total 840704K, used 87014K [0x0000000580100000, 0x00000005e1000000, 0x0000000800000000)
  eden space 753664K, 0% used [0x0000000580100000,0x0000000580100000,0x00000005ae100000)
  from space 87040K, 99% used [0x00000005ae100000,0x00000005b35f9b78,0x00000005b3600000)
  to   space 251904K, 0% used [0x00000005d1a00000,0x00000005d1a00000,0x00000005e1000000)
 ParOldGen       total 994304K, used 301767K [0x0000000080200000, 0x00000000bcd00000, 0x0000000580100000)
  object space 994304K, 30% used [0x0000000080200000,0x00000000928b1f28,0x00000000bcd00000)
 Metaspace       used 28492K, capacity 30202K, committed 30336K, reserved 1075200K
  class space    used 3016K, capacity 3585K, committed 3712K, reserved 1048576K
}
Event: 13.542 GC heap before
{Heap before GC invocations=7 (full 1):
 PSYoungGen      total 840704K, used 840678K [0x0000000580100000, 0x00000005e1000000, 0x0000000800000000)
  eden space 753664K, 100% used [0x0000000580100000,0x00000005ae100000,0x00000005ae100000)
  from space 87040K, 99% used [0x00000005ae100000,0x00000005b35f9b78,0x00000005b3600000)
  to   space 251904K, 0% used [0x00000005d1a00000,0x00000005d1a00000,0x00000005e1000000)
 ParOldGen       total 994304K, used 301767K [0x0000000080200000, 0x00000000bcd00000, 0x0000000580100000)
  object space 994304K, 30% used [0x0000000080200000,0x00000000928b1f28,0x00000000bcd00000)
 Metaspace       used 29300K, capacity 31010K, committed 31360K, reserved 1077248K
  class space    used 3040K, capacity 3587K, committed 3712K, reserved 1048576K
Event: 13.567 GC heap after
Heap after GC invocations=7 (full 1):
 PSYoungGen      total 1316864K, used 90248K [0x0000000580100000, 0x00000005dfd00000, 0x0000000800000000)
  eden space 1084416K, 0% used [0x0000000580100000,0x0000000580100000,0x00000005c2400000)
  from space 232448K, 38% used [0x00000005d1a00000,0x00000005d72220b8,0x00000005dfd00000)
  to   space 242176K, 0% used [0x00000005c2400000,0x00000005c2400000,0x00000005d1080000)
 ParOldGen       total 994304K, used 301807K [0x0000000080200000, 0x00000000bcd00000, 0x0000000580100000)
  object space 994304K, 30% used [0x0000000080200000,0x00000000928bbc38,0x00000000bcd00000)
 Metaspace       used 29300K, capacity 31010K, committed 31360K, reserved 1077248K
  class space    used 3040K, capacity 3587K, committed 3712K, reserved 1048576K
}

