# JRE version: Java(TM) SE Runtime Environment (8.0_191-b12) (build 1.8.0_191-b12)
# Java VM: Java HotSpot(TM) 64-Bit Server VM (25.191-b12 mixed mode windows-amd64 compressed oops)
Heap:
 PSYoungGen      total 611328K, used 59731K [0x0000000580100000, 0x00000005aab00000, 0x0000000800000000)
  eden space 524288K, 11% used [0x0000000580100000,0x0000000583b54db8,0x00000005a0100000)
  from space 87040K, 0% used [0x00000005a0100000,0x00000005a0100000,0x00000005a5600000)
  to   space 87040K, 0% used [0x00000005a5600000,0x00000005a5600000,0x00000005aab00000)
 ParOldGen       total 983040K, used 12032K [0x0000000080200000, 0x00000000bc200000, 0x0000000580100000)
  object space 983040K, 1% used [0x0000000080200000,0x0000000080dc0020,0x00000000bc200000)
 Metaspace       used 23574K, capacity 24948K, committed 25088K, reserved 1071104K
  class space    used 2471K, capacity 2989K, committed 3072K, reserved 1048576K
GC Heap History (4 events):
Event: 1.705 GC heap before
{Heap before GC invocations=1 (full 0):
 PSYoungGen      total 611328K, used 293636K [0x0000000580100000, 0x00000005aab00000, 0x0000000800000000)
  eden space 524288K, 56% used [0x0000000580100000,0x0000000591fc1200,0x00000005a0100000)
  from space 87040K, 0% used [0x00000005a5600000,0x00000005a5600000,0x00000005aab00000)
  to   space 87040K, 0% used [0x00000005a0100000,0x00000005a0100000,0x00000005a5600000)
 ParOldGen       total 1396736K, used 0K [0x0000000080200000, 0x00000000d5600000, 0x0000000580100000)
  object space 1396736K, 0% used [0x0000000080200000,0x0000000080200000,0x00000000d5600000)
 Metaspace       used 19849K, capacity 21204K, committed 21296K, reserved 1069056K
  class space    used 2147K, capacity 2667K, committed 2688K, reserved 1048576K
Event: 1.711 GC heap after
Heap after GC invocations=1 (full 0):
 PSYoungGen      total 611328K, used 12676K [0x0000000580100000, 0x00000005aab00000, 0x0000000800000000)
  eden space 524288K, 0% used [0x0000000580100000,0x0000000580100000,0x00000005a0100000)
  from space 87040K, 14% used [0x00000005a0100000,0x00000005a0d611c8,0x00000005a5600000)
  to   space 87040K, 0% used [0x00000005a5600000,0x00000005a5600000,0x00000005aab00000)
 ParOldGen       total 1396736K, used 43K [0x0000000080200000, 0x00000000d5600000, 0x0000000580100000)
  object space 1396736K, 0% used [0x0000000080200000,0x000000008020ac50,0x00000000d5600000)
 Metaspace       used 19849K, capacity 21204K, committed 21296K, reserved 1069056K
  class space    used 2147K, capacity 2667K, committed 2688K, reserved 1048576K
}
Event: 1.711 GC heap before
{Heap before GC invocations=2 (full 1):
 PSYoungGen      total 611328K, used 12676K [0x0000000580100000, 0x00000005aab00000, 0x0000000800000000)
  eden space 524288K, 0% used [0x0000000580100000,0x0000000580100000,0x00000005a0100000)
  from space 87040K, 14% used [0x00000005a0100000,0x00000005a0d611c8,0x00000005a5600000)
  to   space 87040K, 0% used [0x00000005a5600000,0x00000005a5600000,0x00000005aab00000)
 ParOldGen       total 1396736K, used 43K [0x0000000080200000, 0x00000000d5600000, 0x0000000580100000)
  object space 1396736K, 0% used [0x0000000080200000,0x000000008020ac50,0x00000000d5600000)
 Metaspace       used 19849K, capacity 21204K, committed 21296K, reserved 1069056K
  class space    used 2147K, capacity 2667K, committed 2688K, reserved 1048576K
Event: 1.743 GC heap after
Heap after GC invocations=2 (full 1):
 PSYoungGen      total 611328K, used 0K [0x0000000580100000, 0x00000005aab00000, 0x0000000800000000)
  eden space 524288K, 0% used [0x0000000580100000,0x0000000580100000,0x00000005a0100000)
  from space 87040K, 0% used [0x00000005a0100000,0x00000005a0100000,0x00000005a5600000)
  to   space 87040K, 0% used [0x00000005a5600000,0x00000005a5600000,0x00000005aab00000)
 ParOldGen       total 983040K, used 12032K [0x0000000080200000, 0x00000000bc200000, 0x0000000580100000)
  object space 983040K, 1% used [0x0000000080200000,0x0000000080dc0020,0x00000000bc200000)
 Metaspace       used 19849K, capacity 21204K, committed 21296K, reserved 1069056K
  class space    used 2147K, capacity 2667K, committed 2688K, reserved 1048576K
}

